<?xml version="1.0" encoding="UTF-8"?>
<!-- Generated by org.testng.reporters.JUnitReportReporter -->
<testsuite hostname="DESKTOP-EFLV044" failures="0" tests="1" name="com.jenkins.testscript.NewClass" time="0.022" errors="0" timestamp="06 Jun 2023 15:52:30 GMT" skipped="0">
  <testcase classname="com.jenkins.testscript.NewClass" name="testNew" time="0.022"/>
</testsuite> <!-- com.jenkins.testscript.NewClass -->
